<?xml version="1.0" encoding="UTF-8"?>
<!-- Generated by org.testng.reporters.JUnitReportReporter -->
<testsuite skipped="0" hostname="DESKTOP-B4Q7PII" name="tests.day2" tests="1" failures="0" timestamp="21 Nov 2018 22:35:48 GMT" time="0.002" errors="0">
  <testcase name="demo3" time="0.002" classname="tests.day2"/>
</testsuite> <!-- tests.day2 -->
