<?xml version="1.0" encoding="UTF-8"?>
<!-- Generated by org.testng.reporters.JUnitReportReporter -->
<testsuite skipped="0" hostname="DESKTOP-B4Q7PII" name="tests.day1" tests="1" failures="0" timestamp="21 Nov 2018 22:35:48 GMT" time="0.004" errors="0">
  <testcase name="demo" time="0.004" classname="tests.day1"/>
</testsuite> <!-- tests.day1 -->
