<?xml version="1.0" encoding="UTF-8"?>
<!-- Generated by org.testng.reporters.JUnitReportReporter -->
<testsuite skipped="0" hostname="DESKTOP-B4Q7PII" name="tests.day3" tests="2" failures="0" timestamp="21 Nov 2018 22:35:21 GMT" time="0.004" errors="0">
  <testcase name="loginApi" time="0.003" classname="tests.day3"/>
  <testcase name="webLogin" time="0.001" classname="tests.day3"/>
</testsuite> <!-- tests.day3 -->
